CRITICAL - 2024-10-23 18:25:42 --> CodeIgniter\View\Exceptions\ViewException: Invalid file: "partials/_header_cdn.php"
[Method: GET, Route: dashboard/]
in SYSTEMPATH\Exceptions\FrameworkException.php on line 41.
 1 SYSTEMPATH\View\View.php(222): CodeIgniter\Exceptions\FrameworkException::forInvalidFile('partials/_header_cdn.php')
 2 SYSTEMPATH\View\View.php(487): CodeIgniter\View\View->render('partials/_header_cdn', null, true)
 3 APPPATH\Views\admin\layout\app.php(8): CodeIgniter\View\View->include('partials/_header_cdn')
 4 SYSTEMPATH\View\View.php(234): include('D:\\xampp_8.1\\htdocs\\sendpulse_connect\\site\\app\\Views\\admin\\layout\\app.php')
 5 SYSTEMPATH\View\View.php(237): CodeIgniter\View\View->CodeIgniter\View\{closure}()
 6 SYSTEMPATH\Common.php(1171): CodeIgniter\View\View->render('admin/layout/app', [], true)
 7 APPPATH\Controllers\Admin\Dashboard.php(15): view('admin/layout/app')
 8 SYSTEMPATH\CodeIgniter.php(933): App\Controllers\Admin\Dashboard->index()
 9 SYSTEMPATH\CodeIgniter.php(509): CodeIgniter\CodeIgniter->runController(Object(App\Controllers\Admin\Dashboard))
10 SYSTEMPATH\CodeIgniter.php(355): CodeIgniter\CodeIgniter->handleRequest(null, Object(Config\Cache), false)
11 SYSTEMPATH\Boot.php(325): CodeIgniter\CodeIgniter->run()
12 SYSTEMPATH\Boot.php(67): CodeIgniter\Boot::runCodeIgniter(Object(CodeIgniter\CodeIgniter))
13 FCPATH\index.php(56): CodeIgniter\Boot::bootWeb(Object(Config\Paths))
14 SYSTEMPATH\rewrite.php(44): require_once('D:\\xampp_8.1\\htdocs\\sendpulse_connect\\site\\public\\index.php')
CRITICAL - 2024-10-23 18:26:20 --> CodeIgniter\View\Exceptions\ViewException: Invalid file: "admin/partials/_header_cdn.php"
[Method: GET, Route: dashboard/]
in SYSTEMPATH\Exceptions\FrameworkException.php on line 41.
 1 SYSTEMPATH\View\View.php(222): CodeIgniter\Exceptions\FrameworkException::forInvalidFile('admin/partials/_header_cdn.php')
 2 SYSTEMPATH\View\View.php(487): CodeIgniter\View\View->render('admin/partials/_header_cdn', null, true)
 3 APPPATH\Views\admin\layout\app.php(8): CodeIgniter\View\View->include('admin/partials/_header_cdn')
 4 SYSTEMPATH\View\View.php(234): include('D:\\xampp_8.1\\htdocs\\sendpulse_connect\\site\\app\\Views\\admin\\layout\\app.php')
 5 SYSTEMPATH\View\View.php(237): CodeIgniter\View\View->CodeIgniter\View\{closure}()
 6 SYSTEMPATH\Common.php(1171): CodeIgniter\View\View->render('admin/layout/app', [], true)
 7 APPPATH\Controllers\Admin\Dashboard.php(15): view('admin/layout/app')
 8 SYSTEMPATH\CodeIgniter.php(933): App\Controllers\Admin\Dashboard->index()
 9 SYSTEMPATH\CodeIgniter.php(509): CodeIgniter\CodeIgniter->runController(Object(App\Controllers\Admin\Dashboard))
10 SYSTEMPATH\CodeIgniter.php(355): CodeIgniter\CodeIgniter->handleRequest(null, Object(Config\Cache), false)
11 SYSTEMPATH\Boot.php(325): CodeIgniter\CodeIgniter->run()
12 SYSTEMPATH\Boot.php(67): CodeIgniter\Boot::runCodeIgniter(Object(CodeIgniter\CodeIgniter))
13 FCPATH\index.php(56): CodeIgniter\Boot::bootWeb(Object(Config\Paths))
14 SYSTEMPATH\rewrite.php(44): require_once('D:\\xampp_8.1\\htdocs\\sendpulse_connect\\site\\public\\index.php')
